
> react-typescript-starter@0.1.0 test
> react-scripts test "--coverage"

FAIL src/DegreePlan.test.tsx
  ● Test suite failed to run

    react-modal: No elements were found for selector #root.

      14 |     TechElecs
      15 | } from "./degreeCourses";
    > 16 | Modal.setAppElement("#root");
         |       ^
      17 | interface Degree_Requirements_Inputs {
      18 |     show: boolean;
      19 |     setShow: (b: boolean) => void;

      at assertNodeList (node_modules/react-modal/lib/helpers/ariaAppHider.js:57:11)
      at Object.setElement (node_modules/react-modal/lib/helpers/ariaAppHider.js:65:5)
      at Function.setAppElement (node_modules/react-modal/lib/components/Modal.js:184:20)
      at Object.<anonymous> (src/degree.tsx:16:7)
      at Object.<anonymous> (src/DegreePlan.tsx:4:1)
      at Object.<anonymous> (src/DegreePlan.test.tsx:3:1)

FAIL src/App.test.tsx
  ● Test suite failed to run

    react-modal: No elements were found for selector #root.

      14 |     TechElecs
      15 | } from "./degreeCourses";
    > 16 | Modal.setAppElement("#root");
         |       ^
      17 | interface Degree_Requirements_Inputs {
      18 |     show: boolean;
      19 |     setShow: (b: boolean) => void;

      at assertNodeList (node_modules/react-modal/lib/helpers/ariaAppHider.js:57:11)
      at Object.setElement (node_modules/react-modal/lib/helpers/ariaAppHider.js:65:5)
      at Function.setAppElement (node_modules/react-modal/lib/components/Modal.js:184:20)
      at Object.<anonymous> (src/degree.tsx:16:7)
      at Object.<anonymous> (src/DegreePlan.tsx:4:1)
      at Object.<anonymous> (src/App.tsx:5:1)
      at Object.<anonymous> (src/App.test.tsx:3:1)

PASS src/Messaging.test.tsx
------------------------|---------|----------|---------|---------|-------------------
File                    | % Stmts | % Branch | % Funcs | % Lines | Uncovered Line #s 
------------------------|---------|----------|---------|---------|-------------------
All files               |    1.07 |     1.38 |    3.57 |    1.08 |                   
 src                    |    1.07 |     1.38 |    3.57 |    1.08 |                   
  App.tsx               |       0 |        0 |       0 |       0 | 9-116             
  Course.tsx            |       0 |        0 |       0 |       0 | 18-62             
  DegreePlan.tsx        |       0 |      100 |       0 |       0 | 18-90             
  Messaging.tsx         |     100 |      100 |     100 |     100 |                   
  basicsem.ts           |       0 |      100 |     100 |       0 | 4                 
  createId.ts           |       0 |      100 |       0 |       0 | 2-11              
  degree.tsx            |       0 |        0 |       0 |       0 | 16-288            
  degreeCourses.tsx     |       0 |      100 |     100 |       0 | 1-1592            
  newtrial.tsx          |       0 |        0 |       0 |       0 | 21-47             
  semester-table.tsx    |       0 |        0 |       0 |       0 | 21-82             
 src/Planner-Interfaces |       0 |        0 |       0 |       0 |                   
  course.ts             |       0 |        0 |       0 |       0 |                   
  plan.ts               |       0 |        0 |       0 |       0 |                   
  semester.ts           |       0 |        0 |       0 |       0 |                   
------------------------|---------|----------|---------|---------|-------------------

Test Suites: 2 failed, 1 passed, 3 total
Tests:       2 passed, 2 total
Snapshots:   0 total
Time:        4.598 s
Ran all test suites.
